{"D:\\Ayush\\Namaste React\\vite-project1\\src\\components\\Contact.jsx": {"path":"D:\\Ayush\\Namaste React\\vite-project1\\src\\components\\Contact.jsx","statementMap":{"0":{"start":{"line":1,"column":16},"end":{"line":52,"column":1}},"1":{"start":{"line":2,"column":2},"end":{"line":51,"column":4}}},"fnMap":{"0":{"name":"(anonymous_0)","decl":{"start":{"line":1,"column":16},"end":{"line":1,"column":17}},"loc":{"start":{"line":1,"column":22},"end":{"line":52,"column":1}},"line":1}},"branchMap":{},"s":{"0":1,"1":4},"f":{"0":4},"b":{},"_coverageSchema":"1a1c01bbd47fc00a2c39e90264f33305004495a9","hash":"d3d020c85745a2f8f305beeb9310d4a045d4bd3a"}
,"D:\\Ayush\\Namaste React\\vite-project1\\src\\components\\sum.jsx": {"path":"D:\\Ayush\\Namaste React\\vite-project1\\src\\components\\sum.jsx","statementMap":{"0":{"start":{"line":1,"column":19},"end":{"line":3,"column":1}},"1":{"start":{"line":2,"column":2},"end":{"line":2,"column":15}}},"fnMap":{"0":{"name":"(anonymous_0)","decl":{"start":{"line":1,"column":19},"end":{"line":1,"column":20}},"loc":{"start":{"line":1,"column":29},"end":{"line":3,"column":1}},"line":1}},"branchMap":{},"s":{"0":1,"1":1},"f":{"0":1},"b":{},"_coverageSchema":"1a1c01bbd47fc00a2c39e90264f33305004495a9","hash":"a21b730fc2cf6a6aa50db695db70cb33ae9c6f55"}
}
